[debug] [2024-01-18T03:23:59.265Z] ----------------------------------------------------------------------
[debug] [2024-01-18T03:23:59.267Z] Command:       C:\Program Files\nodejs\node.exe C:\Users\user\AppData\Roaming\npm\node_modules\firebase-tools\lib\bin\firebase.js init
[debug] [2024-01-18T03:23:59.268Z] CLI Version:   13.0.3
[debug] [2024-01-18T03:23:59.268Z] Platform:      win32
[debug] [2024-01-18T03:23:59.268Z] Node Version:  v20.9.0
[debug] [2024-01-18T03:23:59.268Z] Time:          Thu Jan 18 2024 10:23:59 GMT+0700 (Waktu Indonesia Barat)
[debug] [2024-01-18T03:23:59.268Z] ----------------------------------------------------------------------
[debug] 
[debug] [2024-01-18T03:23:59.273Z] > command requires scopes: ["email","openid","https://www.googleapis.com/auth/cloudplatformprojects.readonly","https://www.googleapis.com/auth/firebase","https://www.googleapis.com/auth/cloud-platform"]
[debug] [2024-01-18T03:23:59.274Z] > authorizing via signed-in user (sinaga.gunawan66@gmail.com)
[info] 
     ######## #### ########  ######## ########     ###     ######  ########
     ##        ##  ##     ## ##       ##     ##  ##   ##  ##       ##
     ######    ##  ########  ######   ########  #########  ######  ######
     ##        ##  ##    ##  ##       ##     ## ##     ##       ## ##
     ##       #### ##     ## ######## ########  ##     ##  ######  ########

You're about to initialize a Firebase project in this directory:

  D:\traning\react js with firebase\react-firebase

[info] 
=== Project Setup
[info] 
[info] First, let's associate this project directory with a Firebase project.
[info] You can create multiple project aliases by running firebase use --add, 
[info] but for now we'll just set up a default project.
[info] 
[debug] [2024-01-18T03:24:17.823Z] >>> [apiv2][query] GET https://firebase.googleapis.com/v1beta1/projects pageSize=100
[debug] [2024-01-18T03:24:18.557Z] <<< [apiv2][status] GET https://firebase.googleapis.com/v1beta1/projects 200
[debug] [2024-01-18T03:24:18.557Z] <<< [apiv2][body] GET https://firebase.googleapis.com/v1beta1/projects [omitted]
[info] i  Using project fir-course-9d047 (firebase-course) 
[info] 
=== Hosting Setup
[debug] [2024-01-18T03:24:55.580Z] >>> [apiv2][query] GET https://firebase.googleapis.com/v1beta1/projects/fir-course-9d047 [none]
[debug] [2024-01-18T03:24:56.188Z] <<< [apiv2][status] GET https://firebase.googleapis.com/v1beta1/projects/fir-course-9d047 200
[debug] [2024-01-18T03:24:56.188Z] <<< [apiv2][body] GET https://firebase.googleapis.com/v1beta1/projects/fir-course-9d047 {"projectId":"fir-course-9d047","projectNumber":"156553474304","displayName":"firebase-course","name":"projects/fir-course-9d047","resources":{"hostingSite":"fir-course-9d047","storageBucket":"fir-course-9d047.appspot.com","locationId":"us-central"},"state":"ACTIVE","etag":"1_32a092bf-9949-4583-a729-5982a9c5785c"}
[info] 
[info] Your public directory is the folder (relative to your project directory) that
[info] will contain Hosting assets to be uploaded with firebase deploy. If you
[info] have a build process for your assets, use your build's output directory.
[info] 
[info] +  Wrote public/404.html 
[debug] [2024-01-18T03:25:46.690Z] >>> [apiv2][query] GET https://www.gstatic.com/firebasejs/releases.json [none]
[debug] [2024-01-18T03:25:48.004Z] <<< [apiv2][status] GET https://www.gstatic.com/firebasejs/releases.json 200
[debug] [2024-01-18T03:25:48.004Z] <<< [apiv2][body] GET https://www.gstatic.com/firebasejs/releases.json {"current":{"version":"10.7.1","browserURL":"https://www.gstatic.com/firebasejs/10.7.1/firebase.js","packageURL":"https://www.gstatic.com/firebasejs/10.7.1/firebase.tgz"},"live":{"version":"10.7","browserURL":"https://www.gstatic.com/firebasejs/live/10.7/firebase.js","packageURL":"https://www.gstatic.com/firebasejs/live/10.7/firebase.tgz"},"components":{"analytics":"https://www.gstatic.com/firebasejs/10.7.1/firebase-analytics.js","app":"https://www.gstatic.com/firebasejs/10.7.1/firebase-app.js","app-check":"https://www.gstatic.com/firebasejs/10.7.1/firebase-app-check.js","auth":"https://www.gstatic.com/firebasejs/10.7.1/firebase-auth.js","auth/cordova":"https://www.gstatic.com/firebasejs/10.7.1/firebase-auth/cordova.js","functions":"https://www.gstatic.com/firebasejs/10.7.1/firebase-functions.js","firestore":"https://www.gstatic.com/firebasejs/10.7.1/firebase-firestore.js","firestore/lite":"https://www.gstatic.com/firebasejs/10.7.1/firebase-firestore/lite.js","installations":"https://www.gstatic.com/firebasejs/10.7.1/firebase-installations.js","storage":"https://www.gstatic.com/firebasejs/10.7.1/firebase-storage.js","performance":"https://www.gstatic.com/firebasejs/10.7.1/firebase-performance.js","remote-config":"https://www.gstatic.com/firebasejs/10.7.1/firebase-remote-config.js","messaging":"https://www.gstatic.com/firebasejs/10.7.1/firebase-messaging.js","messaging/sw":"https://www.gstatic.com/firebasejs/10.7.1/firebase-messaging/sw.js","database":"https://www.gstatic.com/firebasejs/10.7.1/firebase-database.js","firestore.memory":"https://www.gstatic.com/firebasejs/10.7.1/firebase-firestore.memory.js"}}
[info] i  Skipping write of public/index.html 
[info] 
[info] i  Detected a .git folder at D:\traning\react js with firebase\react-firebase 
[info] i  Authorizing with GitHub to upload your service account to a GitHub repository's secrets store. 
[info] 
[info] Visit this URL on this device to log in:
[info] https://github.com/login/oauth/authorize?client_id=89cf50f02ac6aaed3484&state=36646956&redirect_uri=http%3A%2F%2Flocalhost%3A9005&scope=read%3Auser%20repo%20public_repo
[info] 
[info] Waiting for authentication...
[debug] [2024-01-18T03:26:42.271Z] >>> [apiv2][query] POST https://github.com/login/oauth/access_token [none]
[debug] [2024-01-18T03:26:42.271Z] >>> [apiv2][body] POST https://github.com/login/oauth/access_token [stream]
[debug] [2024-01-18T03:26:42.871Z] <<< [apiv2][status] POST https://github.com/login/oauth/access_token 200
[debug] [2024-01-18T03:26:42.871Z] <<< [apiv2][body] POST https://github.com/login/oauth/access_token {"access_token":"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","token_type":"bearer","scope":"read:user,repo"}
[debug] [2024-01-18T03:26:42.875Z] >>> [apiv2][query] GET https://api.github.com/user [none]
[debug] [2024-01-18T03:26:43.476Z] <<< [apiv2][status] GET https://api.github.com/user 200
[debug] [2024-01-18T03:26:43.476Z] <<< [apiv2][body] GET https://api.github.com/user {"login":"Gunzee00","id":121272536,"node_id":"U_kgDOBzp42A","avatar_url":"https://avatars.githubusercontent.com/u/121272536?v=4","gravatar_id":"","url":"https://api.github.com/users/Gunzee00","html_url":"https://github.com/Gunzee00","followers_url":"https://api.github.com/users/Gunzee00/followers","following_url":"https://api.github.com/users/Gunzee00/following{/other_user}","gists_url":"https://api.github.com/users/Gunzee00/gists{/gist_id}","starred_url":"https://api.github.com/users/Gunzee00/starred{/owner}{/repo}","subscriptions_url":"https://api.github.com/users/Gunzee00/subscriptions","organizations_url":"https://api.github.com/users/Gunzee00/orgs","repos_url":"https://api.github.com/users/Gunzee00/repos","events_url":"https://api.github.com/users/Gunzee00/events{/privacy}","received_events_url":"https://api.github.com/users/Gunzee00/received_events","type":"User","site_admin":false,"name":"Gunawan","company":null,"blog":"","location":null,"email":null,"hireable":null,"bio":"I show my project here\r\n","twitter_username":null,"public_repos":16,"public_gists":0,"followers":0,"following":0,"created_at":"2022-12-23T02:49:11Z","updated_at":"2023-12-04T04:05:18Z","private_gists":0,"total_private_repos":2,"owned_private_repos":2,"disk_usage":652517,"collaborators":0,"two_factor_authentication":false,"plan":{"name":"free","space":976562499,"collaborators":0,"private_repos":10000}}
[info] 
[info] +  Success! Logged into GitHub as Gunzee00 
[info] 
